<?xml version="1.0" encoding="UTF-8"?>
<testsuite name="create a new user on the Utest page" tests="1" skipped="0" failures="0" errors="0" timestamp="2021-12-22T13:14:02" hostname="DESKTOP-JLH3BI2" time="22.513">
  <properties/>
  <testcase name="user created successfully" classname="create a new user on the Utest page" time="22.513"/>
  <system-out><![CDATA[]]></system-out>
  <system-err><![CDATA[[Test worker] WARN net.thucydides.core.steps.BaseStepListener - stepStarted: net.thucydides.core.steps.ExecutedStepDescription@36fe5354
[Test worker] WARN net.thucydides.core.steps.BaseStepListener - stepStarted: net.thucydides.core.steps.ExecutedStepDescription@2d0bc8ae
dic 22, 2021 8:14:03 AM org.openqa.selenium.remote.DesiredCapabilities chrome
INFORMACIÓN: Using `new ChromeOptions()` is preferred to `DesiredCapabilities.chrome()`
[Test worker] INFO net.serenitybdd.core.webdriver.driverproviders.ProvideNewDriver - Instantiating driver
[Test worker] INFO net.serenitybdd.core.webdriver.driverproviders.ProvideNewDriver - Driver capabilities: Capabilities {acceptInsecureCerts: false, browserName: chrome, chrome.switches: --start-maximized, goog:chromeOptions: {args: [--start-maximized], extensions: []}, loggingPrefs: org.openqa.selenium.logging..., platform: ANY, version: }
Starting ChromeDriver 96.0.4664.45 (76e4c1bb2ab4671b8beba3444e61c0f17584b2fc-refs/branch-heads/4664@{#947}) on port 12918
Only local connections are allowed.
Please see https://chromedriver.chromium.org/security-considerations for suggestions on keeping ChromeDriver safe.
ChromeDriver was started successfully.
dic 22, 2021 8:14:06 AM org.openqa.selenium.remote.ProtocolHandshake createSession
INFORMACIÓN: Detected dialect: W3C
[Test worker] WARN net.thucydides.core.steps.BaseStepListener - stepFinished: current outcome:user created successfully:Given user enters the page [jesus opens the https://utest.com/]
[Test worker] WARN net.thucydides.core.steps.BaseStepListener - stepFinished: current outcome:user created successfully:Given user enters the page [jesus opens the https://utest.com/]
[Test worker] WARN net.thucydides.core.steps.BaseStepListener - stepStarted: net.thucydides.core.steps.ExecutedStepDescription@195a7709
[Test worker] WARN net.thucydides.core.steps.BaseStepListener - stepStarted: net.thucydides.core.steps.ExecutedStepDescription@2f28a763
[Test worker] WARN net.thucydides.core.steps.BaseStepListener - stepStarted: net.thucydides.core.steps.ExecutedStepDescription@43849e49
[Test worker] WARN net.thucydides.core.steps.BaseStepListener - stepFinished: current outcome:user created successfully:Given user enters the page [jesus opens the https://utest.com/], When the fields are completed the user is created [Jesus register user [jesus clicks on register]]
[Test worker] WARN net.thucydides.core.steps.BaseStepListener - stepStarted: net.thucydides.core.steps.ExecutedStepDescription@4a8a7958
[Test worker] WARN net.thucydides.core.steps.BaseStepListener - stepFinished: current outcome:user created successfully:Given user enters the page [jesus opens the https://utest.com/], When the fields are completed the user is created [Jesus register user [jesus clicks on register, jesus enters 'jesus' into first name]]
[Test worker] WARN net.thucydides.core.steps.BaseStepListener - stepStarted: net.thucydides.core.steps.ExecutedStepDescription@5eac5e3b
[Test worker] WARN net.thucydides.core.steps.BaseStepListener - stepFinished: current outcome:user created successfully:Given user enters the page [jesus opens the https://utest.com/], When the fields are completed the user is created [Jesus register user [jesus clicks on register, jesus enters 'jesus' into first name, jesus enters 'andrade' into last name]]
[Test worker] WARN net.thucydides.core.steps.BaseStepListener - stepStarted: net.thucydides.core.steps.ExecutedStepDescription@35daad11
[Test worker] WARN net.thucydides.core.steps.BaseStepListener - stepFinished: current outcome:user created successfully:Given user enters the page [jesus opens the https://utest.com/], When the fields are completed the user is created [Jesus register user [jesus clicks on register, jesus enters 'jesus' into first name, jesus enters 'andrade' into last name, jesus enters 'j@gmail.com' into email]]
[Test worker] WARN net.thucydides.core.steps.BaseStepListener - stepStarted: net.thucydides.core.steps.ExecutedStepDescription@470795f8
[Test worker] WARN net.thucydides.core.steps.BaseStepListener - stepFinished: current outcome:user created successfully:Given user enters the page [jesus opens the https://utest.com/], When the fields are completed the user is created [Jesus register user [jesus clicks on register, jesus enters 'jesus' into first name, jesus enters 'andrade' into last name, jesus enters 'j@gmail.com' into email, jesus enters 'November' into month]]
[Test worker] WARN net.thucydides.core.steps.BaseStepListener - stepStarted: net.thucydides.core.steps.ExecutedStepDescription@1293b2dc
[Test worker] WARN net.thucydides.core.steps.BaseStepListener - stepFinished: current outcome:user created successfully:Given user enters the page [jesus opens the https://utest.com/], When the fields are completed the user is created [Jesus register user [jesus clicks on register, jesus enters 'jesus' into first name, jesus enters 'andrade' into last name, jesus enters 'j@gmail.com' into email, jesus enters 'November' into month, jesus enters '11' into day]]
[Test worker] WARN net.thucydides.core.steps.BaseStepListener - stepStarted: net.thucydides.core.steps.ExecutedStepDescription@702098b3
[Test worker] WARN net.thucydides.core.steps.BaseStepListener - stepFinished: current outcome:user created successfully:Given user enters the page [jesus opens the https://utest.com/], When the fields are completed the user is created [Jesus register user [jesus clicks on register, jesus enters 'jesus' into first name, jesus enters 'andrade' into last name, jesus enters 'j@gmail.com' into email, jesus enters 'November' into month, jesus enters '11' into day, jesus enters '1997' into year]]
[Test worker] WARN net.thucydides.core.steps.BaseStepListener - stepStarted: net.thucydides.core.steps.ExecutedStepDescription@31098a09
[Test worker] WARN net.thucydides.core.steps.BaseStepListener - stepFinished: current outcome:user created successfully:Given user enters the page [jesus opens the https://utest.com/], When the fields are completed the user is created [Jesus register user [jesus clicks on register, jesus enters 'jesus' into first name, jesus enters 'andrade' into last name, jesus enters 'j@gmail.com' into email, jesus enters 'November' into month, jesus enters '11' into day, jesus enters '1997' into year, jesus clicks on next button]]
[Test worker] WARN net.thucydides.core.steps.BaseStepListener - stepStarted: net.thucydides.core.steps.ExecutedStepDescription@36eff8e6
[Test worker] WARN net.thucydides.core.steps.BaseStepListener - stepFinished: current outcome:user created successfully:Given user enters the page [jesus opens the https://utest.com/], When the fields are completed the user is created [Jesus register user [jesus clicks on register, jesus enters 'jesus' into first name, jesus enters 'andrade' into last name, jesus enters 'j@gmail.com' into email, jesus enters 'November' into month, jesus enters '11' into day, jesus enters '1997' into year, jesus clicks on next button, jesus clicks on next button2]]
[Test worker] WARN net.thucydides.core.steps.BaseStepListener - stepStarted: net.thucydides.core.steps.ExecutedStepDescription@4a1cfff5
[Test worker] WARN net.thucydides.core.steps.BaseStepListener - stepFinished: current outcome:user created successfully:Given user enters the page [jesus opens the https://utest.com/], When the fields are completed the user is created [Jesus register user [jesus clicks on register, jesus enters 'jesus' into first name, jesus enters 'andrade' into last name, jesus enters 'j@gmail.com' into email, jesus enters 'November' into month, jesus enters '11' into day, jesus enters '1997' into year, jesus clicks on next button, jesus clicks on next button2, jesus clicks on system]]
[Test worker] WARN net.thucydides.core.steps.BaseStepListener - stepStarted: net.thucydides.core.steps.ExecutedStepDescription@4704faea
[Test worker] WARN net.thucydides.core.steps.BaseStepListener - stepFinished: current outcome:user created successfully:Given user enters the page [jesus opens the https://utest.com/], When the fields are completed the user is created [Jesus register user [jesus clicks on register, jesus enters 'jesus' into first name, jesus enters 'andrade' into last name, jesus enters 'j@gmail.com' into email, jesus enters 'November' into month, jesus enters '11' into day, jesus enters '1997' into year, jesus clicks on next button, jesus clicks on next button2, jesus clicks on system, jesus clicks on windows]]
[Test worker] WARN net.thucydides.core.steps.BaseStepListener - stepStarted: net.thucydides.core.steps.ExecutedStepDescription@74eb853a
[Test worker] WARN net.thucydides.core.steps.BaseStepListener - stepFinished: current outcome:user created successfully:Given user enters the page [jesus opens the https://utest.com/], When the fields are completed the user is created [Jesus register user [jesus clicks on register, jesus enters 'jesus' into first name, jesus enters 'andrade' into last name, jesus enters 'j@gmail.com' into email, jesus enters 'November' into month, jesus enters '11' into day, jesus enters '1997' into year, jesus clicks on next button, jesus clicks on next button2, jesus clicks on system, jesus clicks on windows, jesus clicks on version]]
[Test worker] WARN net.thucydides.core.steps.BaseStepListener - stepStarted: net.thucydides.core.steps.ExecutedStepDescription@1cb372bc
[Test worker] WARN net.thucydides.core.steps.BaseStepListener - stepFinished: current outcome:user created successfully:Given user enters the page [jesus opens the https://utest.com/], When the fields are completed the user is created [Jesus register user [jesus clicks on register, jesus enters 'jesus' into first name, jesus enters 'andrade' into last name, jesus enters 'j@gmail.com' into email, jesus enters 'November' into month, jesus enters '11' into day, jesus enters '1997' into year, jesus clicks on next button, jesus clicks on next button2, jesus clicks on system, jesus clicks on windows, jesus clicks on version, jesus clicks on xp]]
[Test worker] WARN net.thucydides.core.steps.BaseStepListener - stepStarted: net.thucydides.core.steps.ExecutedStepDescription@145b53bd
[Test worker] WARN net.thucydides.core.steps.BaseStepListener - stepFinished: current outcome:user created successfully:Given user enters the page [jesus opens the https://utest.com/], When the fields are completed the user is created [Jesus register user [jesus clicks on register, jesus enters 'jesus' into first name, jesus enters 'andrade' into last name, jesus enters 'j@gmail.com' into email, jesus enters 'November' into month, jesus enters '11' into day, jesus enters '1997' into year, jesus clicks on next button, jesus clicks on next button2, jesus clicks on system, jesus clicks on windows, jesus clicks on version, jesus clicks on xp, jesus clicks on idiom]]
[Test worker] WARN net.thucydides.core.steps.BaseStepListener - stepStarted: net.thucydides.core.steps.ExecutedStepDescription@4514d5a9
[Test worker] WARN net.thucydides.core.steps.BaseStepListener - stepFinished: current outcome:user created successfully:Given user enters the page [jesus opens the https://utest.com/], When the fields are completed the user is created [Jesus register user [jesus clicks on register, jesus enters 'jesus' into first name, jesus enters 'andrade' into last name, jesus enters 'j@gmail.com' into email, jesus enters 'November' into month, jesus enters '11' into day, jesus enters '1997' into year, jesus clicks on next button, jesus clicks on next button2, jesus clicks on system, jesus clicks on windows, jesus clicks on version, jesus clicks on xp, jesus clicks on idiom, jesus clicks on english]]
[Test worker] WARN net.thucydides.core.steps.BaseStepListener - stepStarted: net.thucydides.core.steps.ExecutedStepDescription@288c492b
[Test worker] WARN net.thucydides.core.steps.BaseStepListener - stepFinished: current outcome:user created successfully:Given user enters the page [jesus opens the https://utest.com/], When the fields are completed the user is created [Jesus register user [jesus clicks on register, jesus enters 'jesus' into first name, jesus enters 'andrade' into last name, jesus enters 'j@gmail.com' into email, jesus enters 'November' into month, jesus enters '11' into day, jesus enters '1997' into year, jesus clicks on next button, jesus clicks on next button2, jesus clicks on system, jesus clicks on windows, jesus clicks on version, jesus clicks on xp, jesus clicks on idiom, jesus clicks on english, jesus clicks on button final]]
[Test worker] WARN net.thucydides.core.steps.BaseStepListener - stepStarted: net.thucydides.core.steps.ExecutedStepDescription@191d111c
[Test worker] WARN net.thucydides.core.steps.BaseStepListener - stepFinished: current outcome:user created successfully:Given user enters the page [jesus opens the https://utest.com/], When the fields are completed the user is created [Jesus register user [jesus clicks on register, jesus enters 'jesus' into first name, jesus enters 'andrade' into last name, jesus enters 'j@gmail.com' into email, jesus enters 'November' into month, jesus enters '11' into day, jesus enters '1997' into year, jesus clicks on next button, jesus clicks on next button2, jesus clicks on system, jesus clicks on windows, jesus clicks on version, jesus clicks on xp, jesus clicks on idiom, jesus clicks on english, jesus clicks on button final, jesus enters 'Jesusmauricio.1997' into password]]
[Test worker] WARN net.thucydides.core.steps.BaseStepListener - stepStarted: net.thucydides.core.steps.ExecutedStepDescription@2c15f597
[Test worker] WARN net.thucydides.core.steps.BaseStepListener - stepFinished: current outcome:user created successfully:Given user enters the page [jesus opens the https://utest.com/], When the fields are completed the user is created [Jesus register user [jesus clicks on register, jesus enters 'jesus' into first name, jesus enters 'andrade' into last name, jesus enters 'j@gmail.com' into email, jesus enters 'November' into month, jesus enters '11' into day, jesus enters '1997' into year, jesus clicks on next button, jesus clicks on next button2, jesus clicks on system, jesus clicks on windows, jesus clicks on version, jesus clicks on xp, jesus clicks on idiom, jesus clicks on english, jesus clicks on button final, jesus enters 'Jesusmauricio.1997' into password, jesus enters 'Jesusmauricio.1997' into confirmPassword]]
[Test worker] WARN net.thucydides.core.steps.BaseStepListener - stepStarted: net.thucydides.core.steps.ExecutedStepDescription@879d04f
[Test worker] WARN net.thucydides.core.steps.BaseStepListener - stepFinished: current outcome:user created successfully:Given user enters the page [jesus opens the https://utest.com/], When the fields are completed the user is created [Jesus register user [jesus clicks on register, jesus enters 'jesus' into first name, jesus enters 'andrade' into last name, jesus enters 'j@gmail.com' into email, jesus enters 'November' into month, jesus enters '11' into day, jesus enters '1997' into year, jesus clicks on next button, jesus clicks on next button2, jesus clicks on system, jesus clicks on windows, jesus clicks on version, jesus clicks on xp, jesus clicks on idiom, jesus clicks on english, jesus clicks on button final, jesus enters 'Jesusmauricio.1997' into password, jesus enters 'Jesusmauricio.1997' into confirmPassword, jesus clicks on checkon]]
[Test worker] WARN net.thucydides.core.steps.BaseStepListener - stepStarted: net.thucydides.core.steps.ExecutedStepDescription@62859c3f
[Test worker] WARN net.thucydides.core.steps.BaseStepListener - stepFinished: current outcome:user created successfully:Given user enters the page [jesus opens the https://utest.com/], When the fields are completed the user is created [Jesus register user [jesus clicks on register, jesus enters 'jesus' into first name, jesus enters 'andrade' into last name, jesus enters 'j@gmail.com' into email, jesus enters 'November' into month, jesus enters '11' into day, jesus enters '1997' into year, jesus clicks on next button, jesus clicks on next button2, jesus clicks on system, jesus clicks on windows, jesus clicks on version, jesus clicks on xp, jesus clicks on idiom, jesus clicks on english, jesus clicks on button final, jesus enters 'Jesusmauricio.1997' into password, jesus enters 'Jesusmauricio.1997' into confirmPassword, jesus clicks on checkon, jesus clicks on check on]]
[Test worker] WARN net.thucydides.core.steps.BaseStepListener - stepStarted: net.thucydides.core.steps.ExecutedStepDescription@38af6bf1
[Test worker] WARN net.thucydides.core.steps.BaseStepListener - stepFinished: current outcome:user created successfully:Given user enters the page [jesus opens the https://utest.com/], When the fields are completed the user is created [Jesus register user [jesus clicks on register, jesus enters 'jesus' into first name, jesus enters 'andrade' into last name, jesus enters 'j@gmail.com' into email, jesus enters 'November' into month, jesus enters '11' into day, jesus enters '1997' into year, jesus clicks on next button, jesus clicks on next button2, jesus clicks on system, jesus clicks on windows, jesus clicks on version, jesus clicks on xp, jesus clicks on idiom, jesus clicks on english, jesus clicks on button final, jesus enters 'Jesusmauricio.1997' into password, jesus enters 'Jesusmauricio.1997' into confirmPassword, jesus clicks on checkon, jesus clicks on check on, jesus clicks on button complete]]
[Test worker] WARN net.thucydides.core.steps.BaseStepListener - stepFinished: current outcome:user created successfully:Given user enters the page [jesus opens the https://utest.com/], When the fields are completed the user is created [Jesus register user [jesus clicks on register, jesus enters 'jesus' into first name, jesus enters 'andrade' into last name, jesus enters 'j@gmail.com' into email, jesus enters 'November' into month, jesus enters '11' into day, jesus enters '1997' into year, jesus clicks on next button, jesus clicks on next button2, jesus clicks on system, jesus clicks on windows, jesus clicks on version, jesus clicks on xp, jesus clicks on idiom, jesus clicks on english, jesus clicks on button final, jesus enters 'Jesusmauricio.1997' into password, jesus enters 'Jesusmauricio.1997' into confirmPassword, jesus clicks on checkon, jesus clicks on check on, jesus clicks on button complete]]
[Test worker] WARN net.thucydides.core.steps.BaseStepListener - stepFinished: current outcome:user created successfully:Given user enters the page [jesus opens the https://utest.com/], When the fields are completed the user is created [Jesus register user [jesus clicks on register, jesus enters 'jesus' into first name, jesus enters 'andrade' into last name, jesus enters 'j@gmail.com' into email, jesus enters 'November' into month, jesus enters '11' into day, jesus enters '1997' into year, jesus clicks on next button, jesus clicks on next button2, jesus clicks on system, jesus clicks on windows, jesus clicks on version, jesus clicks on xp, jesus clicks on idiom, jesus clicks on english, jesus clicks on button final, jesus enters 'Jesusmauricio.1997' into password, jesus enters 'Jesusmauricio.1997' into confirmPassword, jesus clicks on checkon, jesus clicks on check on, jesus clicks on button complete]]
[Test worker] WARN net.thucydides.core.steps.BaseStepListener - stepStarted: net.thucydides.core.steps.ExecutedStepDescription@580438ff
[Test worker] WARN net.thucydides.core.steps.BaseStepListener - stepFinished: current outcome:user created successfully:Given user enters the page [jesus opens the https://utest.com/], When the fields are completed the user is created [Jesus register user [jesus clicks on register, jesus enters 'jesus' into first name, jesus enters 'andrade' into last name, jesus enters 'j@gmail.com' into email, jesus enters 'November' into month, jesus enters '11' into day, jesus enters '1997' into year, jesus clicks on next button, jesus clicks on next button2, jesus clicks on system, jesus clicks on windows, jesus clicks on version, jesus clicks on xp, jesus clicks on idiom, jesus clicks on english, jesus clicks on button final, jesus enters 'Jesusmauricio.1997' into password, jesus enters 'Jesusmauricio.1997' into confirmPassword, jesus clicks on checkon, jesus clicks on check on, jesus clicks on button complete]], Then user sees his name
[Test worker] WARN net.thucydides.core.steps.BaseStepListener - testFinished: user created successfully:Given user enters the page [jesus opens the https://utest.com/], When the fields are completed the user is created [Jesus register user [jesus clicks on register, jesus enters 'jesus' into first name, jesus enters 'andrade' into last name, jesus enters 'j@gmail.com' into email, jesus enters 'November' into month, jesus enters '11' into day, jesus enters '1997' into year, jesus clicks on next button, jesus clicks on next button2, jesus clicks on system, jesus clicks on windows, jesus clicks on version, jesus clicks on xp, jesus clicks on idiom, jesus clicks on english, jesus clicks on button final, jesus enters 'Jesusmauricio.1997' into password, jesus enters 'Jesusmauricio.1997' into confirmPassword, jesus clicks on checkon, jesus clicks on check on, jesus clicks on button complete]], Then user sees his name
[Test worker] WARN net.thucydides.core.steps.BaseStepListener - TestOutcomes: [user created successfully:Given user enters the page [jesus opens the https://utest.com/], When the fields are completed the user is created [Jesus register user [jesus clicks on register, jesus enters 'jesus' into first name, jesus enters 'andrade' into last name, jesus enters 'j@gmail.com' into email, jesus enters 'November' into month, jesus enters '11' into day, jesus enters '1997' into year, jesus clicks on next button, jesus clicks on next button2, jesus clicks on system, jesus clicks on windows, jesus clicks on version, jesus clicks on xp, jesus clicks on idiom, jesus clicks on english, jesus clicks on button final, jesus enters 'Jesusmauricio.1997' into password, jesus enters 'Jesusmauricio.1997' into confirmPassword, jesus clicks on checkon, jesus clicks on check on, jesus clicks on button complete]], Then user sees his name]
[Test worker] WARN net.thucydides.core.steps.BaseStepListener - Final testOutcomes: [user created successfully:Given user enters the page [jesus opens the https://utest.com/], When the fields are completed the user is created [Jesus register user [jesus clicks on register, jesus enters 'jesus' into first name, jesus enters 'andrade' into last name, jesus enters 'j@gmail.com' into email, jesus enters 'November' into month, jesus enters '11' into day, jesus enters '1997' into year, jesus clicks on next button, jesus clicks on next button2, jesus clicks on system, jesus clicks on windows, jesus clicks on version, jesus clicks on xp, jesus clicks on idiom, jesus clicks on english, jesus clicks on button final, jesus enters 'Jesusmauricio.1997' into password, jesus enters 'Jesusmauricio.1997' into confirmPassword, jesus clicks on checkon, jesus clicks on check on, jesus clicks on button complete]], Then user sees his name]
[Test worker] INFO net.thucydides.core.steps.ConsoleLoggingListener - 
        __    _____ _____ ____ _____   ____   _    ____  ____  _____ ____  
  _     \ \  |_   _| ____/ ___|_   _| |  _ \ / \  / ___|/ ___|| ____|  _ \ 
 (_)_____| |   | | |  _| \___ \ | |   | |_) / _ \ \___ \\___ \|  _| | | | |
  _|_____| |   | | | |___ ___) || |   |  __/ ___ \ ___) |___) | |___| |_| |
 (_)     | |   |_| |_____|____/ |_|   |_| /_/   \_\____/|____/|_____|____/ 
        /_/                                                                

TEST PASSED: user created successfully
----------------------------------------------------------------------------
]]></system-err>
</testsuite>
